<?xml version="1.0" encoding="UTF-8"?>
<!-- Generated by org.testng.reporters.JUnitReportReporter -->
<testsuite hostname="LAPTOP-4VVFQ6JD" failures="0" tests="1" name="SauceDemo" time="1.070" errors="0" timestamp="2025-09-14T23:58:37 EET" skipped="0">
  <testcase classname="SauceDemo" name="LoginwithValidCred" time="1.070"/>
  <system-out/>
</testsuite> <!-- SauceDemo -->
